#! /usr/bin/vvp
:ivl_version "11.0 (stable)";
:ivl_delay_selection "TYPICAL";
:vpi_time_precision - 12;
:vpi_module "/usr/lib/x86_64-linux-gnu/ivl/system.vpi";
:vpi_module "/usr/lib/x86_64-linux-gnu/ivl/vhdl_sys.vpi";
:vpi_module "/usr/lib/x86_64-linux-gnu/ivl/vhdl_textio.vpi";
:vpi_module "/usr/lib/x86_64-linux-gnu/ivl/v2005_math.vpi";
:vpi_module "/usr/lib/x86_64-linux-gnu/ivl/va_math.vpi";
:vpi_module "/usr/lib/x86_64-linux-gnu/ivl/v2009.vpi";
S_0x562cbf207b70 .scope package, "$unit" "$unit" 2 1;
 .timescale 0 0;
S_0x562cbf207d00 .scope module, "testbench" "testbench" 3 4;
 .timescale -11 -12;
L_0x7ffb6a433498 .functor BUFT 1, C4<00000001>, C4<0>, C4<0>, C4<0>;
v0x562cbf22af30_0 .net/2u *"_ivl_0", 7 0, L_0x7ffb6a433498;  1 drivers
v0x562cbf22b010_0 .net *"_ivl_2", 7 0, L_0x562cbf22cb20;  1 drivers
v0x562cbf22b0f0_0 .net "check", 0 0, L_0x562cbf22cc10;  1 drivers
v0x562cbf22b1c0_0 .var "clk", 0 0;
v0x562cbf22b280_0 .var "in", 2 0;
v0x562cbf22b390_0 .net "out", 7 0, L_0x562cbf22c530;  1 drivers
E_0x562cbf1ce8a0 .event posedge, v0x562cbf22b1c0_0;
L_0x562cbf22cb20 .shift/l 8, L_0x7ffb6a433498, v0x562cbf22b280_0;
L_0x562cbf22cc10 .cmp/eq 8, L_0x562cbf22c530, L_0x562cbf22cb20;
S_0x562cbf1cdcf0 .scope module, "dec" "decoder_3_to_8" 3 10, 4 1 0, S_0x562cbf207d00;
 .timescale -11 -12;
    .port_info 0 /INPUT 3 "in";
    .port_info 1 /OUTPUT 8 "out";
v0x562cbf22acf0_0 .net "in", 2 0, v0x562cbf22b280_0;  1 drivers
v0x562cbf22adf0_0 .net "out", 7 0, L_0x562cbf22c530;  alias, 1 drivers
LS_0x562cbf22c530_0_0 .concat8 [ 1 1 1 1], L_0x562cbf22b5d0, L_0x562cbf22b860, L_0x562cbf22bac0, L_0x562cbf22bcf0;
LS_0x562cbf22c530_0_4 .concat8 [ 1 1 1 1], L_0x562cbf22bf50, L_0x562cbf22c160, L_0x562cbf22c3c0, L_0x562cbf22c990;
L_0x562cbf22c530 .concat8 [ 4 4 0 0], LS_0x562cbf22c530_0_0, LS_0x562cbf22c530_0_4;
S_0x562cbf1cded0 .scope generate, "genblk1[0]" "genblk1[0]" 4 12, 4 12 0, S_0x562cbf1cdcf0;
 .timescale -11 -12;
P_0x562cbf1ce0b0 .param/l "i" 0 4 12, +C4<00>;
v0x562cbf1f7e00_0 .net *"_ivl_0", 3 0, L_0x562cbf22b460;  1 drivers
L_0x7ffb6a433018 .functor BUFT 1, C4<0>, C4<0>, C4<0>, C4<0>;
v0x562cbf1f6df0_0 .net *"_ivl_3", 0 0, L_0x7ffb6a433018;  1 drivers
L_0x7ffb6a433060 .functor BUFT 1, C4<0000>, C4<0>, C4<0>, C4<0>;
v0x562cbf1f5fb0_0 .net/2u *"_ivl_4", 3 0, L_0x7ffb6a433060;  1 drivers
v0x562cbf201210_0 .net *"_ivl_6", 0 0, L_0x562cbf22b5d0;  1 drivers
L_0x562cbf22b460 .concat [ 3 1 0 0], v0x562cbf22b280_0, L_0x7ffb6a433018;
L_0x562cbf22b5d0 .cmp/eq 4, L_0x562cbf22b460, L_0x7ffb6a433060;
S_0x562cbf228150 .scope generate, "genblk1[1]" "genblk1[1]" 4 12, 4 12 0, S_0x562cbf1cdcf0;
 .timescale -11 -12;
P_0x562cbf228370 .param/l "i" 0 4 12, +C4<01>;
v0x562cbf228430_0 .net *"_ivl_0", 3 0, L_0x562cbf22b740;  1 drivers
L_0x7ffb6a4330a8 .functor BUFT 1, C4<0>, C4<0>, C4<0>, C4<0>;
v0x562cbf228510_0 .net *"_ivl_3", 0 0, L_0x7ffb6a4330a8;  1 drivers
L_0x7ffb6a4330f0 .functor BUFT 1, C4<0001>, C4<0>, C4<0>, C4<0>;
v0x562cbf2285f0_0 .net/2u *"_ivl_4", 3 0, L_0x7ffb6a4330f0;  1 drivers
v0x562cbf2286b0_0 .net *"_ivl_6", 0 0, L_0x562cbf22b860;  1 drivers
L_0x562cbf22b740 .concat [ 3 1 0 0], v0x562cbf22b280_0, L_0x7ffb6a4330a8;
L_0x562cbf22b860 .cmp/eq 4, L_0x562cbf22b740, L_0x7ffb6a4330f0;
S_0x562cbf228770 .scope generate, "genblk1[2]" "genblk1[2]" 4 12, 4 12 0, S_0x562cbf1cdcf0;
 .timescale -11 -12;
P_0x562cbf228970 .param/l "i" 0 4 12, +C4<010>;
v0x562cbf228a30_0 .net *"_ivl_0", 3 0, L_0x562cbf22b9d0;  1 drivers
L_0x7ffb6a433138 .functor BUFT 1, C4<0>, C4<0>, C4<0>, C4<0>;
v0x562cbf228b10_0 .net *"_ivl_3", 0 0, L_0x7ffb6a433138;  1 drivers
L_0x7ffb6a433180 .functor BUFT 1, C4<0010>, C4<0>, C4<0>, C4<0>;
v0x562cbf228bf0_0 .net/2u *"_ivl_4", 3 0, L_0x7ffb6a433180;  1 drivers
v0x562cbf228cb0_0 .net *"_ivl_6", 0 0, L_0x562cbf22bac0;  1 drivers
L_0x562cbf22b9d0 .concat [ 3 1 0 0], v0x562cbf22b280_0, L_0x7ffb6a433138;
L_0x562cbf22bac0 .cmp/eq 4, L_0x562cbf22b9d0, L_0x7ffb6a433180;
S_0x562cbf228d70 .scope generate, "genblk1[3]" "genblk1[3]" 4 12, 4 12 0, S_0x562cbf1cdcf0;
 .timescale -11 -12;
P_0x562cbf228f70 .param/l "i" 0 4 12, +C4<011>;
v0x562cbf229050_0 .net *"_ivl_0", 3 0, L_0x562cbf22bc00;  1 drivers
L_0x7ffb6a4331c8 .functor BUFT 1, C4<0>, C4<0>, C4<0>, C4<0>;
v0x562cbf229130_0 .net *"_ivl_3", 0 0, L_0x7ffb6a4331c8;  1 drivers
L_0x7ffb6a433210 .functor BUFT 1, C4<0011>, C4<0>, C4<0>, C4<0>;
v0x562cbf229210_0 .net/2u *"_ivl_4", 3 0, L_0x7ffb6a433210;  1 drivers
v0x562cbf2292d0_0 .net *"_ivl_6", 0 0, L_0x562cbf22bcf0;  1 drivers
L_0x562cbf22bc00 .concat [ 3 1 0 0], v0x562cbf22b280_0, L_0x7ffb6a4331c8;
L_0x562cbf22bcf0 .cmp/eq 4, L_0x562cbf22bc00, L_0x7ffb6a433210;
S_0x562cbf229390 .scope generate, "genblk1[4]" "genblk1[4]" 4 12, 4 12 0, S_0x562cbf1cdcf0;
 .timescale -11 -12;
P_0x562cbf2295e0 .param/l "i" 0 4 12, +C4<0100>;
v0x562cbf2296c0_0 .net *"_ivl_0", 4 0, L_0x562cbf22be60;  1 drivers
L_0x7ffb6a433258 .functor BUFT 1, C4<00>, C4<0>, C4<0>, C4<0>;
v0x562cbf2297a0_0 .net *"_ivl_3", 1 0, L_0x7ffb6a433258;  1 drivers
L_0x7ffb6a4332a0 .functor BUFT 1, C4<00100>, C4<0>, C4<0>, C4<0>;
v0x562cbf229880_0 .net/2u *"_ivl_4", 4 0, L_0x7ffb6a4332a0;  1 drivers
v0x562cbf229940_0 .net *"_ivl_6", 0 0, L_0x562cbf22bf50;  1 drivers
L_0x562cbf22be60 .concat [ 3 2 0 0], v0x562cbf22b280_0, L_0x7ffb6a433258;
L_0x562cbf22bf50 .cmp/eq 5, L_0x562cbf22be60, L_0x7ffb6a4332a0;
S_0x562cbf229a00 .scope generate, "genblk1[5]" "genblk1[5]" 4 12, 4 12 0, S_0x562cbf1cdcf0;
 .timescale -11 -12;
P_0x562cbf229c00 .param/l "i" 0 4 12, +C4<0101>;
v0x562cbf229ce0_0 .net *"_ivl_0", 4 0, L_0x562cbf22c070;  1 drivers
L_0x7ffb6a4332e8 .functor BUFT 1, C4<00>, C4<0>, C4<0>, C4<0>;
v0x562cbf229dc0_0 .net *"_ivl_3", 1 0, L_0x7ffb6a4332e8;  1 drivers
L_0x7ffb6a433330 .functor BUFT 1, C4<00101>, C4<0>, C4<0>, C4<0>;
v0x562cbf229ea0_0 .net/2u *"_ivl_4", 4 0, L_0x7ffb6a433330;  1 drivers
v0x562cbf229f90_0 .net *"_ivl_6", 0 0, L_0x562cbf22c160;  1 drivers
L_0x562cbf22c070 .concat [ 3 2 0 0], v0x562cbf22b280_0, L_0x7ffb6a4332e8;
L_0x562cbf22c160 .cmp/eq 5, L_0x562cbf22c070, L_0x7ffb6a433330;
S_0x562cbf22a050 .scope generate, "genblk1[6]" "genblk1[6]" 4 12, 4 12 0, S_0x562cbf1cdcf0;
 .timescale -11 -12;
P_0x562cbf22a250 .param/l "i" 0 4 12, +C4<0110>;
v0x562cbf22a330_0 .net *"_ivl_0", 4 0, L_0x562cbf22c2d0;  1 drivers
L_0x7ffb6a433378 .functor BUFT 1, C4<00>, C4<0>, C4<0>, C4<0>;
v0x562cbf22a410_0 .net *"_ivl_3", 1 0, L_0x7ffb6a433378;  1 drivers
L_0x7ffb6a4333c0 .functor BUFT 1, C4<00110>, C4<0>, C4<0>, C4<0>;
v0x562cbf22a4f0_0 .net/2u *"_ivl_4", 4 0, L_0x7ffb6a4333c0;  1 drivers
v0x562cbf22a5e0_0 .net *"_ivl_6", 0 0, L_0x562cbf22c3c0;  1 drivers
L_0x562cbf22c2d0 .concat [ 3 2 0 0], v0x562cbf22b280_0, L_0x7ffb6a433378;
L_0x562cbf22c3c0 .cmp/eq 5, L_0x562cbf22c2d0, L_0x7ffb6a4333c0;
S_0x562cbf22a6a0 .scope generate, "genblk1[7]" "genblk1[7]" 4 12, 4 12 0, S_0x562cbf1cdcf0;
 .timescale -11 -12;
P_0x562cbf22a8a0 .param/l "i" 0 4 12, +C4<0111>;
v0x562cbf22a980_0 .net *"_ivl_0", 4 0, L_0x562cbf22c8a0;  1 drivers
L_0x7ffb6a433408 .functor BUFT 1, C4<00>, C4<0>, C4<0>, C4<0>;
v0x562cbf22aa60_0 .net *"_ivl_3", 1 0, L_0x7ffb6a433408;  1 drivers
L_0x7ffb6a433450 .functor BUFT 1, C4<00111>, C4<0>, C4<0>, C4<0>;
v0x562cbf22ab40_0 .net/2u *"_ivl_4", 4 0, L_0x7ffb6a433450;  1 drivers
v0x562cbf22ac30_0 .net *"_ivl_6", 0 0, L_0x562cbf22c990;  1 drivers
L_0x562cbf22c8a0 .concat [ 3 2 0 0], v0x562cbf22b280_0, L_0x7ffb6a433408;
L_0x562cbf22c990 .cmp/eq 5, L_0x562cbf22c8a0, L_0x7ffb6a433450;
    .scope S_0x562cbf207d00;
T_0 ;
    %delay 50, 0;
    %load/vec4 v0x562cbf22b1c0_0;
    %inv;
    %store/vec4 v0x562cbf22b1c0_0, 0, 1;
    %jmp T_0;
    .thread T_0;
    .scope S_0x562cbf207d00;
T_1 ;
    %pushi/vec4 0, 0, 1;
    %store/vec4 v0x562cbf22b1c0_0, 0, 1;
    %vpi_func 3 21 "$random" 32 {0 0 0};
    %pad/s 3;
    %store/vec4 v0x562cbf22b280_0, 0, 3;
    %wait E_0x562cbf1ce8a0;
    %vpi_call/w 3 23 "$display", "%d| n  = %d, out = %b", v0x562cbf22b0f0_0, v0x562cbf22b280_0, v0x562cbf22b390_0 {0 0 0};
    %vpi_func 3 25 "$random" 32 {0 0 0};
    %pad/s 3;
    %store/vec4 v0x562cbf22b280_0, 0, 3;
    %wait E_0x562cbf1ce8a0;
    %vpi_call/w 3 27 "$display", "%d| n  = %d, out = %b", v0x562cbf22b0f0_0, v0x562cbf22b280_0, v0x562cbf22b390_0 {0 0 0};
    %vpi_func 3 29 "$random" 32 {0 0 0};
    %pad/s 3;
    %store/vec4 v0x562cbf22b280_0, 0, 3;
    %wait E_0x562cbf1ce8a0;
    %vpi_call/w 3 31 "$display", "%d| n  = %d, out = %b", v0x562cbf22b0f0_0, v0x562cbf22b280_0, v0x562cbf22b390_0 {0 0 0};
    %vpi_func 3 33 "$random" 32 {0 0 0};
    %pad/s 3;
    %store/vec4 v0x562cbf22b280_0, 0, 3;
    %wait E_0x562cbf1ce8a0;
    %vpi_call/w 3 35 "$display", "%d| n  = %d, out = %b", v0x562cbf22b0f0_0, v0x562cbf22b280_0, v0x562cbf22b390_0 {0 0 0};
    %vpi_func 3 37 "$random" 32 {0 0 0};
    %pad/s 3;
    %store/vec4 v0x562cbf22b280_0, 0, 3;
    %wait E_0x562cbf1ce8a0;
    %vpi_call/w 3 39 "$display", "%d| n  = %d, out = %b", v0x562cbf22b0f0_0, v0x562cbf22b280_0, v0x562cbf22b390_0 {0 0 0};
    %vpi_call/w 3 40 "$finish" {0 0 0};
    %end;
    .thread T_1;
# The file index is used to find the file name in the following table.
:file_names 5;
    "N/A";
    "<interactive>";
    "-";
    "testbench.sv";
    "./decoder_3_to_8.v";
