#! /usr/bin/vvp
:ivl_version "11.0 (stable)";
:ivl_delay_selection "TYPICAL";
:vpi_time_precision - 12;
:vpi_module "/usr/lib/x86_64-linux-gnu/ivl/system.vpi";
:vpi_module "/usr/lib/x86_64-linux-gnu/ivl/vhdl_sys.vpi";
:vpi_module "/usr/lib/x86_64-linux-gnu/ivl/vhdl_textio.vpi";
:vpi_module "/usr/lib/x86_64-linux-gnu/ivl/v2005_math.vpi";
:vpi_module "/usr/lib/x86_64-linux-gnu/ivl/va_math.vpi";
:vpi_module "/usr/lib/x86_64-linux-gnu/ivl/v2009.vpi";
S_0x55d7ea8a9cf0 .scope package, "$unit" "$unit" 2 1;
 .timescale 0 0;
S_0x55d7ea8e4b70 .scope module, "testbench" "testbench" 3 4;
 .timescale -11 -12;
v0x55d7ea8d4ee0_0 .var "clk", 0 0;
v0x55d7ea8d5110_0 .net "clk_div2", 0 0, v0x55d7ea8d4620_0;  1 drivers
v0x55d7ea8fbfb0_0 .net "clk_div4", 0 0, v0x55d7ea8d4850_0;  1 drivers
v0x55d7ea8fc050_0 .net "clk_div8", 0 0, v0x55d7ea8d4a80_0;  1 drivers
v0x55d7ea8fc120_0 .var "reset", 0 0;
S_0x55d7ea8e4d00 .scope module, "clk_div" "clk_div" 3 12, 4 1 0, S_0x55d7ea8e4b70;
 .timescale 0 0;
    .port_info 0 /INPUT 1 "clk";
    .port_info 1 /INPUT 1 "reset";
    .port_info 2 /OUTPUT 1 "clk_div2";
    .port_info 3 /OUTPUT 1 "clk_div4";
    .port_info 4 /OUTPUT 1 "clk_div8";
v0x55d7ea8d43f0_0 .net "clk", 0 0, v0x55d7ea8d4ee0_0;  1 drivers
v0x55d7ea8d4620_0 .var "clk_div2", 0 0;
v0x55d7ea8d4850_0 .var "clk_div4", 0 0;
v0x55d7ea8d4a80_0 .var "clk_div8", 0 0;
v0x55d7ea8d4cb0_0 .net "reset", 0 0, v0x55d7ea8fc120_0;  1 drivers
E_0x55d7ea8e3260 .event posedge, v0x55d7ea8d43f0_0;
    .scope S_0x55d7ea8e4d00;
T_0 ;
    %wait E_0x55d7ea8e3260;
    %load/vec4 v0x55d7ea8d4cb0_0;
    %flag_set/vec4 8;
    %jmp/0xz  T_0.0, 8;
    %pushi/vec4 0, 0, 3;
    %split/vec4 1;
    %assign/vec4 v0x55d7ea8d4a80_0, 0;
    %split/vec4 1;
    %assign/vec4 v0x55d7ea8d4850_0, 0;
    %assign/vec4 v0x55d7ea8d4620_0, 0;
    %jmp T_0.1;
T_0.0 ;
    %load/vec4 v0x55d7ea8d4620_0;
    %inv;
    %assign/vec4 v0x55d7ea8d4620_0, 0;
    %load/vec4 v0x55d7ea8d43f0_0;
    %load/vec4 v0x55d7ea8d4620_0;
    %and;
    %flag_set/vec4 8;
    %jmp/0 T_0.2, 8;
    %load/vec4 v0x55d7ea8d4850_0;
    %inv;
    %jmp/1 T_0.3, 8;
T_0.2 ; End of true expr.
    %load/vec4 v0x55d7ea8d4850_0;
    %jmp/0 T_0.3, 8;
 ; End of false expr.
    %blend;
T_0.3;
    %assign/vec4 v0x55d7ea8d4850_0, 0;
    %load/vec4 v0x55d7ea8d43f0_0;
    %load/vec4 v0x55d7ea8d4620_0;
    %and;
    %load/vec4 v0x55d7ea8d4850_0;
    %and;
    %flag_set/vec4 8;
    %jmp/0 T_0.4, 8;
    %load/vec4 v0x55d7ea8d4a80_0;
    %inv;
    %jmp/1 T_0.5, 8;
T_0.4 ; End of true expr.
    %load/vec4 v0x55d7ea8d4a80_0;
    %jmp/0 T_0.5, 8;
 ; End of false expr.
    %blend;
T_0.5;
    %assign/vec4 v0x55d7ea8d4a80_0, 0;
T_0.1 ;
    %jmp T_0;
    .thread T_0;
    .scope S_0x55d7ea8e4b70;
T_1 ;
    %delay 50, 0;
    %load/vec4 v0x55d7ea8d4ee0_0;
    %inv;
    %store/vec4 v0x55d7ea8d4ee0_0, 0, 1;
    %jmp T_1;
    .thread T_1;
    .scope S_0x55d7ea8e4b70;
T_2 ;
    %vpi_call/w 3 19 "$dumpfile", "out.vcd" {0 0 0};
    %vpi_call/w 3 20 "$dumpvars", 32'sb00000000000000000000000000000000, S_0x55d7ea8e4b70 {0 0 0};
    %pushi/vec4 0, 0, 1;
    %store/vec4 v0x55d7ea8d4ee0_0, 0, 1;
    %pushi/vec4 0, 0, 1;
    %store/vec4 v0x55d7ea8fc120_0, 0, 1;
    %wait E_0x55d7ea8e3260;
    %pushi/vec4 1, 0, 1;
    %store/vec4 v0x55d7ea8fc120_0, 0, 1;
    %wait E_0x55d7ea8e3260;
    %wait E_0x55d7ea8e3260;
    %wait E_0x55d7ea8e3260;
    %pushi/vec4 0, 0, 1;
    %store/vec4 v0x55d7ea8fc120_0, 0, 1;
    %wait E_0x55d7ea8e3260;
    %wait E_0x55d7ea8e3260;
    %wait E_0x55d7ea8e3260;
    %wait E_0x55d7ea8e3260;
    %wait E_0x55d7ea8e3260;
    %wait E_0x55d7ea8e3260;
    %wait E_0x55d7ea8e3260;
    %wait E_0x55d7ea8e3260;
    %wait E_0x55d7ea8e3260;
    %wait E_0x55d7ea8e3260;
    %wait E_0x55d7ea8e3260;
    %wait E_0x55d7ea8e3260;
    %wait E_0x55d7ea8e3260;
    %wait E_0x55d7ea8e3260;
    %wait E_0x55d7ea8e3260;
    %wait E_0x55d7ea8e3260;
    %wait E_0x55d7ea8e3260;
    %wait E_0x55d7ea8e3260;
    %wait E_0x55d7ea8e3260;
    %wait E_0x55d7ea8e3260;
    %wait E_0x55d7ea8e3260;
    %wait E_0x55d7ea8e3260;
    %wait E_0x55d7ea8e3260;
    %wait E_0x55d7ea8e3260;
    %vpi_call/w 3 60 "$finish" {0 0 0};
    %end;
    .thread T_2;
# The file index is used to find the file name in the following table.
:file_names 5;
    "N/A";
    "<interactive>";
    "-";
    "test.sv";
    "1.sv";
