#! /usr/bin/vvp
:ivl_version "11.0 (stable)";
:ivl_delay_selection "TYPICAL";
:vpi_time_precision - 12;
:vpi_module "/usr/lib/x86_64-linux-gnu/ivl/system.vpi";
:vpi_module "/usr/lib/x86_64-linux-gnu/ivl/vhdl_sys.vpi";
:vpi_module "/usr/lib/x86_64-linux-gnu/ivl/vhdl_textio.vpi";
:vpi_module "/usr/lib/x86_64-linux-gnu/ivl/v2005_math.vpi";
:vpi_module "/usr/lib/x86_64-linux-gnu/ivl/va_math.vpi";
:vpi_module "/usr/lib/x86_64-linux-gnu/ivl/v2009.vpi";
S_0x561519b9b5b0 .scope package, "$unit" "$unit" 2 1;
 .timescale 0 0;
S_0x561519b983d0 .scope module, "testbench" "testbench" 3 4;
 .timescale -11 -12;
v0x561519bdb550_0 .net *"_ivl_0", 31 0, L_0x561519befdf0;  1 drivers
L_0x7fe26e763c78 .functor BUFT 1, C4<00000000000000000000000000000>, C4<0>, C4<0>, C4<0>;
v0x561519bdb630_0 .net *"_ivl_3", 28 0, L_0x7fe26e763c78;  1 drivers
v0x561519bdb710_0 .net *"_ivl_5", 31 0, L_0x561519befee0;  1 drivers
v0x561519bdb7d0_0 .net "check", 0 0, L_0x561519beff80;  1 drivers
v0x561519bdb890_0 .var "clk", 0 0;
v0x561519bdb9a0_0 .var "in", 7 0;
v0x561519bdba60_0 .net "out", 2 0, L_0x561519befce0;  1 drivers
E_0x561519ba4520 .event posedge, v0x561519bdb890_0;
L_0x561519befdf0 .concat [ 3 29 0 0], L_0x561519befce0, L_0x7fe26e763c78;
L_0x561519befee0 .sfunc 3 16 "$clog2", "v32v8", v0x561519bdb9a0_0;
L_0x561519beff80 .cmp/eq 32, L_0x561519befdf0, L_0x561519befee0;
S_0x561519bb0de0 .scope module, "dec" "log" 3 10, 4 1 0, S_0x561519b983d0;
 .timescale -11 -12;
    .port_info 0 /INPUT 8 "in";
    .port_info 1 /OUTPUT 3 "out";
L_0x561519befce0 .functor BUFZ 3, L_0x561519bec0a0, C4<000>, C4<000>, C4<000>;
v0x561519bdb150_0 .net "in", 7 0, v0x561519bdb9a0_0;  1 drivers
v0x561519bdb250 .array "midle_out", 0 8;
v0x561519bdb250_0 .net v0x561519bdb250 0, 2 0, L_0x561519bec0a0; 1 drivers
v0x561519bdb250_1 .net v0x561519bdb250 1, 2 0, L_0x561519bec700; 1 drivers
v0x561519bdb250_2 .net v0x561519bdb250 2, 2 0, L_0x561519becdd0; 1 drivers
v0x561519bdb250_3 .net v0x561519bdb250 3, 2 0, L_0x561519bed4d0; 1 drivers
v0x561519bdb250_4 .net v0x561519bdb250 4, 2 0, L_0x561519beded0; 1 drivers
v0x561519bdb250_5 .net v0x561519bdb250 5, 2 0, L_0x561519bee840; 1 drivers
v0x561519bdb250_6 .net v0x561519bdb250 6, 2 0, L_0x561519bef3c0; 1 drivers
v0x561519bdb250_7 .net v0x561519bdb250 7, 2 0, L_0x561519befba0; 1 drivers
L_0x7fe26e763c30 .functor BUFT 1, C4<000>, C4<0>, C4<0>, C4<0>;
v0x561519bdb250_8 .net v0x561519bdb250 8, 2 0, L_0x7fe26e763c30; 1 drivers
v0x561519bdb430_0 .net "out", 2 0, L_0x561519befce0;  alias, 1 drivers
S_0x561519bafe00 .scope generate, "genblk1[0]" "genblk1[0]" 4 14, 4 14 0, S_0x561519bb0de0;
 .timescale -11 -12;
P_0x561519b95310 .param/l "i" 0 4 14, +C4<00>;
L_0x7fe26e763060 .functor BUFT 1, C4<00000000000000000000000000000001>, C4<0>, C4<0>, C4<0>;
L_0x561519bb5130 .functor AND 32, L_0x561519bdbb00, L_0x7fe26e763060, C4<11111111111111111111111111111111>, C4<11111111111111111111111111111111>;
L_0x561519bb5b40 .functor AND 1, L_0x561519bebd20, L_0x561519bebe90, C4<1>, C4<1>;
v0x561519bb5250_0 .net *"_ivl_1", 31 0, L_0x561519bdbb00;  1 drivers
v0x561519bb5c60_0 .net *"_ivl_11", 0 0, L_0x561519bebd20;  1 drivers
L_0x7fe26e7630f0 .functor BUFT 1, C4<000>, C4<0>, C4<0>, C4<0>;
v0x561519bb63d0_0 .net/2u *"_ivl_14", 2 0, L_0x7fe26e7630f0;  1 drivers
v0x561519bb6b80_0 .net *"_ivl_16", 0 0, L_0x561519bebe90;  1 drivers
v0x561519bb12c0_0 .net *"_ivl_18", 0 0, L_0x561519bb5b40;  1 drivers
L_0x7fe26e763138 .functor BUFT 1, C4<000>, C4<0>, C4<0>, C4<0>;
v0x561519bd52b0_0 .net/2u *"_ivl_20", 2 0, L_0x7fe26e763138;  1 drivers
L_0x7fe26e763018 .functor BUFT 1, C4<000000000000000000000000>, C4<0>, C4<0>, C4<0>;
v0x561519bd5390_0 .net *"_ivl_4", 23 0, L_0x7fe26e763018;  1 drivers
v0x561519bd5470_0 .net/2u *"_ivl_5", 31 0, L_0x7fe26e763060;  1 drivers
v0x561519bd5550_0 .net *"_ivl_7", 31 0, L_0x561519bb5130;  1 drivers
L_0x7fe26e7630a8 .functor BUFT 1, C4<00000000000000000000000000000000>, C4<0>, C4<0>, C4<0>;
v0x561519bd5630_0 .net/2u *"_ivl_9", 31 0, L_0x7fe26e7630a8;  1 drivers
L_0x561519bdbb00 .concat [ 8 24 0 0], v0x561519bdb9a0_0, L_0x7fe26e763018;
L_0x561519bebd20 .cmp/ne 32, L_0x561519bb5130, L_0x7fe26e7630a8;
L_0x561519bebe90 .cmp/eq 3, L_0x561519bec700, L_0x7fe26e7630f0;
L_0x561519bec0a0 .functor MUXZ 3, L_0x561519bec700, L_0x7fe26e763138, L_0x561519bb5b40, C4<>;
S_0x561519bd5710 .scope generate, "genblk1[1]" "genblk1[1]" 4 14, 4 14 0, S_0x561519bb0de0;
 .timescale -11 -12;
P_0x561519bd58e0 .param/l "i" 0 4 14, +C4<01>;
L_0x7fe26e7631c8 .functor BUFT 1, C4<00000000000000000000000000000010>, C4<0>, C4<0>, C4<0>;
L_0x561519bb62b0 .functor AND 32, L_0x561519bec260, L_0x7fe26e7631c8, C4<11111111111111111111111111111111>, C4<11111111111111111111111111111111>;
L_0x561519bb6a60 .functor AND 1, L_0x561519bec3f0, L_0x561519bec5c0, C4<1>, C4<1>;
v0x561519bd59a0_0 .net *"_ivl_1", 31 0, L_0x561519bec260;  1 drivers
v0x561519bd5a80_0 .net *"_ivl_11", 0 0, L_0x561519bec3f0;  1 drivers
L_0x7fe26e763258 .functor BUFT 1, C4<000>, C4<0>, C4<0>, C4<0>;
v0x561519bd5b40_0 .net/2u *"_ivl_14", 2 0, L_0x7fe26e763258;  1 drivers
v0x561519bd5c00_0 .net *"_ivl_16", 0 0, L_0x561519bec5c0;  1 drivers
v0x561519bd5cc0_0 .net *"_ivl_18", 0 0, L_0x561519bb6a60;  1 drivers
L_0x7fe26e7632a0 .functor BUFT 1, C4<001>, C4<0>, C4<0>, C4<0>;
v0x561519bd5df0_0 .net/2u *"_ivl_20", 2 0, L_0x7fe26e7632a0;  1 drivers
L_0x7fe26e763180 .functor BUFT 1, C4<000000000000000000000000>, C4<0>, C4<0>, C4<0>;
v0x561519bd5ed0_0 .net *"_ivl_4", 23 0, L_0x7fe26e763180;  1 drivers
v0x561519bd5fb0_0 .net/2u *"_ivl_5", 31 0, L_0x7fe26e7631c8;  1 drivers
v0x561519bd6090_0 .net *"_ivl_7", 31 0, L_0x561519bb62b0;  1 drivers
L_0x7fe26e763210 .functor BUFT 1, C4<00000000000000000000000000000000>, C4<0>, C4<0>, C4<0>;
v0x561519bd6170_0 .net/2u *"_ivl_9", 31 0, L_0x7fe26e763210;  1 drivers
L_0x561519bec260 .concat [ 8 24 0 0], v0x561519bdb9a0_0, L_0x7fe26e763180;
L_0x561519bec3f0 .cmp/ne 32, L_0x561519bb62b0, L_0x7fe26e763210;
L_0x561519bec5c0 .cmp/eq 3, L_0x561519becdd0, L_0x7fe26e763258;
L_0x561519bec700 .functor MUXZ 3, L_0x561519becdd0, L_0x7fe26e7632a0, L_0x561519bb6a60, C4<>;
S_0x561519bd6250 .scope generate, "genblk1[2]" "genblk1[2]" 4 14, 4 14 0, S_0x561519bb0de0;
 .timescale -11 -12;
P_0x561519bd6400 .param/l "i" 0 4 14, +C4<010>;
L_0x7fe26e763330 .functor BUFT 1, C4<00000000000000000000000000000100>, C4<0>, C4<0>, C4<0>;
L_0x561519bb1230 .functor AND 32, L_0x561519bec8c0, L_0x7fe26e763330, C4<11111111111111111111111111111111>, C4<11111111111111111111111111111111>;
L_0x561519beccc0 .functor AND 1, L_0x561519beca90, L_0x561519becbd0, C4<1>, C4<1>;
v0x561519bd64c0_0 .net *"_ivl_1", 31 0, L_0x561519bec8c0;  1 drivers
v0x561519bd65a0_0 .net *"_ivl_11", 0 0, L_0x561519beca90;  1 drivers
L_0x7fe26e7633c0 .functor BUFT 1, C4<000>, C4<0>, C4<0>, C4<0>;
v0x561519bd6660_0 .net/2u *"_ivl_14", 2 0, L_0x7fe26e7633c0;  1 drivers
v0x561519bd6720_0 .net *"_ivl_16", 0 0, L_0x561519becbd0;  1 drivers
v0x561519bd67e0_0 .net *"_ivl_18", 0 0, L_0x561519beccc0;  1 drivers
L_0x7fe26e763408 .functor BUFT 1, C4<010>, C4<0>, C4<0>, C4<0>;
v0x561519bd6910_0 .net/2u *"_ivl_20", 2 0, L_0x7fe26e763408;  1 drivers
L_0x7fe26e7632e8 .functor BUFT 1, C4<000000000000000000000000>, C4<0>, C4<0>, C4<0>;
v0x561519bd69f0_0 .net *"_ivl_4", 23 0, L_0x7fe26e7632e8;  1 drivers
v0x561519bd6ad0_0 .net/2u *"_ivl_5", 31 0, L_0x7fe26e763330;  1 drivers
v0x561519bd6bb0_0 .net *"_ivl_7", 31 0, L_0x561519bb1230;  1 drivers
L_0x7fe26e763378 .functor BUFT 1, C4<00000000000000000000000000000000>, C4<0>, C4<0>, C4<0>;
v0x561519bd6c90_0 .net/2u *"_ivl_9", 31 0, L_0x7fe26e763378;  1 drivers
L_0x561519bec8c0 .concat [ 8 24 0 0], v0x561519bdb9a0_0, L_0x7fe26e7632e8;
L_0x561519beca90 .cmp/ne 32, L_0x561519bb1230, L_0x7fe26e763378;
L_0x561519becbd0 .cmp/eq 3, L_0x561519bed4d0, L_0x7fe26e7633c0;
L_0x561519becdd0 .functor MUXZ 3, L_0x561519bed4d0, L_0x7fe26e763408, L_0x561519beccc0, C4<>;
S_0x561519bd6d70 .scope generate, "genblk1[3]" "genblk1[3]" 4 14, 4 14 0, S_0x561519bb0de0;
 .timescale -11 -12;
P_0x561519bd6f20 .param/l "i" 0 4 14, +C4<011>;
L_0x7fe26e763498 .functor BUFT 1, C4<00000000000000000000000000001000>, C4<0>, C4<0>, C4<0>;
L_0x561519bed080 .functor AND 32, L_0x561519becf90, L_0x7fe26e763498, C4<11111111111111111111111111111111>, C4<11111111111111111111111111111111>;
L_0x561519bed3c0 .functor AND 1, L_0x561519bed190, L_0x561519bed2d0, C4<1>, C4<1>;
v0x561519bd7000_0 .net *"_ivl_1", 31 0, L_0x561519becf90;  1 drivers
v0x561519bd70e0_0 .net *"_ivl_11", 0 0, L_0x561519bed190;  1 drivers
L_0x7fe26e763528 .functor BUFT 1, C4<000>, C4<0>, C4<0>, C4<0>;
v0x561519bd71a0_0 .net/2u *"_ivl_14", 2 0, L_0x7fe26e763528;  1 drivers
v0x561519bd7260_0 .net *"_ivl_16", 0 0, L_0x561519bed2d0;  1 drivers
v0x561519bd7320_0 .net *"_ivl_18", 0 0, L_0x561519bed3c0;  1 drivers
L_0x7fe26e763570 .functor BUFT 1, C4<011>, C4<0>, C4<0>, C4<0>;
v0x561519bd7450_0 .net/2u *"_ivl_20", 2 0, L_0x7fe26e763570;  1 drivers
L_0x7fe26e763450 .functor BUFT 1, C4<000000000000000000000000>, C4<0>, C4<0>, C4<0>;
v0x561519bd7530_0 .net *"_ivl_4", 23 0, L_0x7fe26e763450;  1 drivers
v0x561519bd7610_0 .net/2u *"_ivl_5", 31 0, L_0x7fe26e763498;  1 drivers
v0x561519bd76f0_0 .net *"_ivl_7", 31 0, L_0x561519bed080;  1 drivers
L_0x7fe26e7634e0 .functor BUFT 1, C4<00000000000000000000000000000000>, C4<0>, C4<0>, C4<0>;
v0x561519bd77d0_0 .net/2u *"_ivl_9", 31 0, L_0x7fe26e7634e0;  1 drivers
L_0x561519becf90 .concat [ 8 24 0 0], v0x561519bdb9a0_0, L_0x7fe26e763450;
L_0x561519bed190 .cmp/ne 32, L_0x561519bed080, L_0x7fe26e7634e0;
L_0x561519bed2d0 .cmp/eq 3, L_0x561519beded0, L_0x7fe26e763528;
L_0x561519bed4d0 .functor MUXZ 3, L_0x561519beded0, L_0x7fe26e763570, L_0x561519bed3c0, C4<>;
S_0x561519bd78b0 .scope generate, "genblk1[4]" "genblk1[4]" 4 14, 4 14 0, S_0x561519bb0de0;
 .timescale -11 -12;
P_0x561519bd7ab0 .param/l "i" 0 4 14, +C4<0100>;
L_0x7fe26e763600 .functor BUFT 1, C4<00000000000000000000000000010000>, C4<0>, C4<0>, C4<0>;
L_0x561519bed780 .functor AND 32, L_0x561519bed690, L_0x7fe26e763600, C4<11111111111111111111111111111111>, C4<11111111111111111111111111111111>;
L_0x561519bedac0 .functor AND 1, L_0x561519bed890, L_0x561519bed9d0, C4<1>, C4<1>;
v0x561519bd7b90_0 .net *"_ivl_1", 31 0, L_0x561519bed690;  1 drivers
v0x561519bd7c70_0 .net *"_ivl_11", 0 0, L_0x561519bed890;  1 drivers
L_0x7fe26e763690 .functor BUFT 1, C4<000>, C4<0>, C4<0>, C4<0>;
v0x561519bd7d30_0 .net/2u *"_ivl_14", 2 0, L_0x7fe26e763690;  1 drivers
v0x561519bd7df0_0 .net *"_ivl_16", 0 0, L_0x561519bed9d0;  1 drivers
v0x561519bd7eb0_0 .net *"_ivl_18", 0 0, L_0x561519bedac0;  1 drivers
L_0x7fe26e7636d8 .functor BUFT 1, C4<0100>, C4<0>, C4<0>, C4<0>;
v0x561519bd7fe0_0 .net/2u *"_ivl_20", 3 0, L_0x7fe26e7636d8;  1 drivers
v0x561519bd80c0_0 .net *"_ivl_23", 3 0, L_0x561519bedbd0;  1 drivers
L_0x7fe26e763720 .functor BUFT 1, C4<0>, C4<0>, C4<0>, C4<0>;
v0x561519bd81a0_0 .net *"_ivl_26", 0 0, L_0x7fe26e763720;  1 drivers
v0x561519bd8280_0 .net *"_ivl_27", 3 0, L_0x561519bedd40;  1 drivers
L_0x7fe26e7635b8 .functor BUFT 1, C4<000000000000000000000000>, C4<0>, C4<0>, C4<0>;
v0x561519bd8360_0 .net *"_ivl_4", 23 0, L_0x7fe26e7635b8;  1 drivers
v0x561519bd8440_0 .net/2u *"_ivl_5", 31 0, L_0x7fe26e763600;  1 drivers
v0x561519bd8520_0 .net *"_ivl_7", 31 0, L_0x561519bed780;  1 drivers
L_0x7fe26e763648 .functor BUFT 1, C4<00000000000000000000000000000000>, C4<0>, C4<0>, C4<0>;
v0x561519bd8600_0 .net/2u *"_ivl_9", 31 0, L_0x7fe26e763648;  1 drivers
L_0x561519bed690 .concat [ 8 24 0 0], v0x561519bdb9a0_0, L_0x7fe26e7635b8;
L_0x561519bed890 .cmp/ne 32, L_0x561519bed780, L_0x7fe26e763648;
L_0x561519bed9d0 .cmp/eq 3, L_0x561519bee840, L_0x7fe26e763690;
L_0x561519bedbd0 .concat [ 3 1 0 0], L_0x561519bee840, L_0x7fe26e763720;
L_0x561519bedd40 .functor MUXZ 4, L_0x561519bedbd0, L_0x7fe26e7636d8, L_0x561519bedac0, C4<>;
L_0x561519beded0 .part L_0x561519bedd40, 0, 3;
S_0x561519bd86e0 .scope generate, "genblk1[5]" "genblk1[5]" 4 14, 4 14 0, S_0x561519bb0de0;
 .timescale -11 -12;
P_0x561519bd8890 .param/l "i" 0 4 14, +C4<0101>;
L_0x7fe26e7637b0 .functor BUFT 1, C4<00000000000000000000000000100000>, C4<0>, C4<0>, C4<0>;
L_0x561519bee0f0 .functor AND 32, L_0x561519bee000, L_0x7fe26e7637b0, C4<11111111111111111111111111111111>, C4<11111111111111111111111111111111>;
L_0x561519bee430 .functor AND 1, L_0x561519bee200, L_0x561519bee340, C4<1>, C4<1>;
v0x561519bd8970_0 .net *"_ivl_1", 31 0, L_0x561519bee000;  1 drivers
v0x561519bd8a50_0 .net *"_ivl_11", 0 0, L_0x561519bee200;  1 drivers
L_0x7fe26e763840 .functor BUFT 1, C4<000>, C4<0>, C4<0>, C4<0>;
v0x561519bd8b10_0 .net/2u *"_ivl_14", 2 0, L_0x7fe26e763840;  1 drivers
v0x561519bd8bd0_0 .net *"_ivl_16", 0 0, L_0x561519bee340;  1 drivers
v0x561519bd8c90_0 .net *"_ivl_18", 0 0, L_0x561519bee430;  1 drivers
L_0x7fe26e763888 .functor BUFT 1, C4<0101>, C4<0>, C4<0>, C4<0>;
v0x561519bd8dc0_0 .net/2u *"_ivl_20", 3 0, L_0x7fe26e763888;  1 drivers
v0x561519bd8ea0_0 .net *"_ivl_23", 3 0, L_0x561519bee540;  1 drivers
L_0x7fe26e7638d0 .functor BUFT 1, C4<0>, C4<0>, C4<0>, C4<0>;
v0x561519bd8f80_0 .net *"_ivl_26", 0 0, L_0x7fe26e7638d0;  1 drivers
v0x561519bd9060_0 .net *"_ivl_27", 3 0, L_0x561519bee6b0;  1 drivers
L_0x7fe26e763768 .functor BUFT 1, C4<000000000000000000000000>, C4<0>, C4<0>, C4<0>;
v0x561519bd91d0_0 .net *"_ivl_4", 23 0, L_0x7fe26e763768;  1 drivers
v0x561519bd92b0_0 .net/2u *"_ivl_5", 31 0, L_0x7fe26e7637b0;  1 drivers
v0x561519bd9390_0 .net *"_ivl_7", 31 0, L_0x561519bee0f0;  1 drivers
L_0x7fe26e7637f8 .functor BUFT 1, C4<00000000000000000000000000000000>, C4<0>, C4<0>, C4<0>;
v0x561519bd9470_0 .net/2u *"_ivl_9", 31 0, L_0x7fe26e7637f8;  1 drivers
L_0x561519bee000 .concat [ 8 24 0 0], v0x561519bdb9a0_0, L_0x7fe26e763768;
L_0x561519bee200 .cmp/ne 32, L_0x561519bee0f0, L_0x7fe26e7637f8;
L_0x561519bee340 .cmp/eq 3, L_0x561519bef3c0, L_0x7fe26e763840;
L_0x561519bee540 .concat [ 3 1 0 0], L_0x561519bef3c0, L_0x7fe26e7638d0;
L_0x561519bee6b0 .functor MUXZ 4, L_0x561519bee540, L_0x7fe26e763888, L_0x561519bee430, C4<>;
L_0x561519bee840 .part L_0x561519bee6b0, 0, 3;
S_0x561519bd9550 .scope generate, "genblk1[6]" "genblk1[6]" 4 14, 4 14 0, S_0x561519bb0de0;
 .timescale -11 -12;
P_0x561519bd9700 .param/l "i" 0 4 14, +C4<0110>;
L_0x7fe26e763960 .functor BUFT 1, C4<00000000000000000000000001000000>, C4<0>, C4<0>, C4<0>;
L_0x561519beec70 .functor AND 32, L_0x561519bee970, L_0x7fe26e763960, C4<11111111111111111111111111111111>, C4<11111111111111111111111111111111>;
L_0x561519beefb0 .functor AND 1, L_0x561519beed80, L_0x561519beeec0, C4<1>, C4<1>;
v0x561519bd97e0_0 .net *"_ivl_1", 31 0, L_0x561519bee970;  1 drivers
v0x561519bd98c0_0 .net *"_ivl_11", 0 0, L_0x561519beed80;  1 drivers
L_0x7fe26e7639f0 .functor BUFT 1, C4<000>, C4<0>, C4<0>, C4<0>;
v0x561519bd9980_0 .net/2u *"_ivl_14", 2 0, L_0x7fe26e7639f0;  1 drivers
v0x561519bd9a40_0 .net *"_ivl_16", 0 0, L_0x561519beeec0;  1 drivers
v0x561519bd9b00_0 .net *"_ivl_18", 0 0, L_0x561519beefb0;  1 drivers
L_0x7fe26e763a38 .functor BUFT 1, C4<0110>, C4<0>, C4<0>, C4<0>;
v0x561519bd9c30_0 .net/2u *"_ivl_20", 3 0, L_0x7fe26e763a38;  1 drivers
v0x561519bd9d10_0 .net *"_ivl_23", 3 0, L_0x561519bef0c0;  1 drivers
L_0x7fe26e763a80 .functor BUFT 1, C4<0>, C4<0>, C4<0>, C4<0>;
v0x561519bd9df0_0 .net *"_ivl_26", 0 0, L_0x7fe26e763a80;  1 drivers
v0x561519bd9ed0_0 .net *"_ivl_27", 3 0, L_0x561519bef230;  1 drivers
L_0x7fe26e763918 .functor BUFT 1, C4<000000000000000000000000>, C4<0>, C4<0>, C4<0>;
v0x561519bda040_0 .net *"_ivl_4", 23 0, L_0x7fe26e763918;  1 drivers
v0x561519bda120_0 .net/2u *"_ivl_5", 31 0, L_0x7fe26e763960;  1 drivers
v0x561519bda200_0 .net *"_ivl_7", 31 0, L_0x561519beec70;  1 drivers
L_0x7fe26e7639a8 .functor BUFT 1, C4<00000000000000000000000000000000>, C4<0>, C4<0>, C4<0>;
v0x561519bda2e0_0 .net/2u *"_ivl_9", 31 0, L_0x7fe26e7639a8;  1 drivers
L_0x561519bee970 .concat [ 8 24 0 0], v0x561519bdb9a0_0, L_0x7fe26e763918;
L_0x561519beed80 .cmp/ne 32, L_0x561519beec70, L_0x7fe26e7639a8;
L_0x561519beeec0 .cmp/eq 3, L_0x561519befba0, L_0x7fe26e7639f0;
L_0x561519bef0c0 .concat [ 3 1 0 0], L_0x561519befba0, L_0x7fe26e763a80;
L_0x561519bef230 .functor MUXZ 4, L_0x561519bef0c0, L_0x7fe26e763a38, L_0x561519beefb0, C4<>;
L_0x561519bef3c0 .part L_0x561519bef230, 0, 3;
S_0x561519bda3c0 .scope generate, "genblk1[7]" "genblk1[7]" 4 14, 4 14 0, S_0x561519bb0de0;
 .timescale -11 -12;
P_0x561519bda570 .param/l "i" 0 4 14, +C4<0111>;
L_0x7fe26e763b10 .functor BUFT 1, C4<00000000000000000000000010000000>, C4<0>, C4<0>, C4<0>;
L_0x561519bef5e0 .functor AND 32, L_0x561519bef4f0, L_0x7fe26e763b10, C4<11111111111111111111111111111111>, C4<11111111111111111111111111111111>;
L_0x561519bef920 .functor AND 1, L_0x561519bef6f0, L_0x561519bef830, C4<1>, C4<1>;
v0x561519bda650_0 .net *"_ivl_1", 31 0, L_0x561519bef4f0;  1 drivers
v0x561519bda730_0 .net *"_ivl_11", 0 0, L_0x561519bef6f0;  1 drivers
L_0x7fe26e763ba0 .functor BUFT 1, C4<000>, C4<0>, C4<0>, C4<0>;
v0x561519bda7f0_0 .net/2u *"_ivl_14", 2 0, L_0x7fe26e763ba0;  1 drivers
v0x561519bda8b0_0 .net *"_ivl_16", 0 0, L_0x561519bef830;  1 drivers
v0x561519bda970_0 .net *"_ivl_18", 0 0, L_0x561519bef920;  1 drivers
L_0x7fe26e763be8 .functor BUFT 1, C4<0111>, C4<0>, C4<0>, C4<0>;
v0x561519bdaaa0_0 .net/2u *"_ivl_20", 3 0, L_0x7fe26e763be8;  1 drivers
L_0x7fe26e763cc0 .functor BUFT 1, C4<0000>, C4<0>, C4<0>, C4<0>;
v0x561519bdab80_0 .net *"_ivl_23", 3 0, L_0x7fe26e763cc0;  1 drivers
v0x561519bdac60_0 .net *"_ivl_27", 3 0, L_0x561519befa30;  1 drivers
L_0x7fe26e763ac8 .functor BUFT 1, C4<000000000000000000000000>, C4<0>, C4<0>, C4<0>;
v0x561519bdad40_0 .net *"_ivl_4", 23 0, L_0x7fe26e763ac8;  1 drivers
v0x561519bdaeb0_0 .net/2u *"_ivl_5", 31 0, L_0x7fe26e763b10;  1 drivers
v0x561519bdaf90_0 .net *"_ivl_7", 31 0, L_0x561519bef5e0;  1 drivers
L_0x7fe26e763b58 .functor BUFT 1, C4<00000000000000000000000000000000>, C4<0>, C4<0>, C4<0>;
v0x561519bdb070_0 .net/2u *"_ivl_9", 31 0, L_0x7fe26e763b58;  1 drivers
L_0x561519bef4f0 .concat [ 8 24 0 0], v0x561519bdb9a0_0, L_0x7fe26e763ac8;
L_0x561519bef6f0 .cmp/ne 32, L_0x561519bef5e0, L_0x7fe26e763b58;
L_0x561519bef830 .cmp/eq 3, L_0x7fe26e763c30, L_0x7fe26e763ba0;
L_0x561519befa30 .functor MUXZ 4, L_0x7fe26e763cc0, L_0x7fe26e763be8, L_0x561519bef920, C4<>;
L_0x561519befba0 .part L_0x561519befa30, 0, 3;
    .scope S_0x561519b983d0;
T_0 ;
    %delay 50, 0;
    %load/vec4 v0x561519bdb890_0;
    %inv;
    %store/vec4 v0x561519bdb890_0, 0, 1;
    %jmp T_0;
    .thread T_0;
    .scope S_0x561519b983d0;
T_1 ;
    %vpi_call/w 3 19 "$dumpfile", "out.vcd" {0 0 0};
    %vpi_call/w 3 20 "$dumpvars", 32'sb00000000000000000000000000000000, S_0x561519b983d0 {0 0 0};
    %pushi/vec4 0, 0, 1;
    %store/vec4 v0x561519bdb890_0, 0, 1;
    %pushi/vec4 5, 0, 8;
    %store/vec4 v0x561519bdb9a0_0, 0, 8;
    %wait E_0x561519ba4520;
    %vpi_call/w 3 26 "$display", "%d| n  = %b, out = %d", v0x561519bdb7d0_0, v0x561519bdb9a0_0, v0x561519bdba60_0 {0 0 0};
    %vpi_func 3 28 "$random" 32 {0 0 0};
    %pad/s 8;
    %store/vec4 v0x561519bdb9a0_0, 0, 8;
    %wait E_0x561519ba4520;
    %vpi_call/w 3 30 "$display", "%d| n  = %b, out = %d", v0x561519bdb7d0_0, v0x561519bdb9a0_0, v0x561519bdba60_0 {0 0 0};
    %vpi_func 3 32 "$random" 32 {0 0 0};
    %pad/s 8;
    %store/vec4 v0x561519bdb9a0_0, 0, 8;
    %wait E_0x561519ba4520;
    %vpi_call/w 3 34 "$display", "%d| n  = %b, out = %d", v0x561519bdb7d0_0, v0x561519bdb9a0_0, v0x561519bdba60_0 {0 0 0};
    %vpi_func 3 36 "$random" 32 {0 0 0};
    %pad/s 8;
    %store/vec4 v0x561519bdb9a0_0, 0, 8;
    %wait E_0x561519ba4520;
    %vpi_call/w 3 38 "$display", "%d| n  = %b, out = %d", v0x561519bdb7d0_0, v0x561519bdb9a0_0, v0x561519bdba60_0 {0 0 0};
    %vpi_func 3 40 "$random" 32 {0 0 0};
    %pad/s 8;
    %store/vec4 v0x561519bdb9a0_0, 0, 8;
    %wait E_0x561519ba4520;
    %vpi_call/w 3 42 "$display", "%d| n  = %b, out = %d", v0x561519bdb7d0_0, v0x561519bdb9a0_0, v0x561519bdba60_0 {0 0 0};
    %vpi_call/w 3 43 "$finish" {0 0 0};
    %end;
    .thread T_1;
# The file index is used to find the file name in the following table.
:file_names 5;
    "N/A";
    "<interactive>";
    "-";
    "testbench.sv";
    "log.v";
