#! /usr/bin/vvp
:ivl_version "11.0 (stable)";
:ivl_delay_selection "TYPICAL";
:vpi_time_precision - 12;
:vpi_module "/usr/lib/x86_64-linux-gnu/ivl/system.vpi";
:vpi_module "/usr/lib/x86_64-linux-gnu/ivl/vhdl_sys.vpi";
:vpi_module "/usr/lib/x86_64-linux-gnu/ivl/vhdl_textio.vpi";
:vpi_module "/usr/lib/x86_64-linux-gnu/ivl/v2005_math.vpi";
:vpi_module "/usr/lib/x86_64-linux-gnu/ivl/va_math.vpi";
:vpi_module "/usr/lib/x86_64-linux-gnu/ivl/v2009.vpi";
S_0x55d015b7d690 .scope package, "$unit" "$unit" 2 1;
 .timescale 0 0;
S_0x55d015b8edc0 .scope module, "testbench" "testbench" 3 4;
 .timescale -11 -12;
v0x55d015bb8eb0_0 .net *"_ivl_0", 31 0, L_0x55d015bbc330;  1 drivers
L_0x7f5e1f723a38 .functor BUFT 1, C4<00000000000000000000000000000>, C4<0>, C4<0>, C4<0>;
v0x55d015bb8f90_0 .net *"_ivl_3", 28 0, L_0x7f5e1f723a38;  1 drivers
v0x55d015bb9070_0 .net *"_ivl_5", 31 0, L_0x55d015bcc430;  1 drivers
v0x55d015bb9130_0 .net "check", 0 0, L_0x55d015bcc4d0;  1 drivers
v0x55d015bb91f0_0 .var "clk", 0 0;
v0x55d015bb9300_0 .var "in", 7 0;
v0x55d015bb93c0_0 .net "out", 2 0, L_0x55d015bbc220;  1 drivers
E_0x55d015b8a6d0 .event posedge, v0x55d015bb91f0_0;
L_0x55d015bbc330 .concat [ 3 29 0 0], L_0x55d015bbc220, L_0x7f5e1f723a38;
L_0x55d015bcc430 .sfunc 3 16 "$clog2", "v32v8", v0x55d015bb9300_0;
L_0x55d015bcc4d0 .cmp/eq 32, L_0x55d015bbc330, L_0x55d015bcc430;
S_0x55d015b8cec0 .scope module, "dec" "log" 3 10, 4 1 0, S_0x55d015b8edc0;
 .timescale -11 -12;
    .port_info 0 /INPUT 8 "in";
    .port_info 1 /OUTPUT 3 "out";
L_0x55d015bbc220 .functor BUFZ 3, L_0x55d015b93b50, C4<000>, C4<000>, C4<000>;
v0x55d015bb8ab0_0 .net "in", 7 0, v0x55d015bb9300_0;  1 drivers
v0x55d015bb8bb0 .array "midle_out", 0 8;
v0x55d015bb8bb0_0 .net v0x55d015bb8bb0 0, 2 0, L_0x55d015b93b50; 1 drivers
v0x55d015bb8bb0_1 .net v0x55d015bb8bb0 1, 2 0, L_0x55d015b94ab0; 1 drivers
v0x55d015bb8bb0_2 .net v0x55d015bb8bb0 2, 2 0, L_0x55d015bb9fd0; 1 drivers
v0x55d015bb8bb0_3 .net v0x55d015bb8bb0 3, 2 0, L_0x55d015bba470; 1 drivers
v0x55d015bb8bb0_4 .net v0x55d015bb8bb0 4, 2 0, L_0x55d015bbab10; 1 drivers
v0x55d015bb8bb0_5 .net v0x55d015bb8bb0 5, 2 0, L_0x55d015bbb210; 1 drivers
v0x55d015bb8bb0_6 .net v0x55d015bb8bb0 6, 2 0, L_0x55d015bbb910; 1 drivers
v0x55d015bb8bb0_7 .net v0x55d015bb8bb0 7, 2 0, L_0x55d015bbc0e0; 1 drivers
L_0x7f5e1f7239f0 .functor BUFT 1, C4<000>, C4<0>, C4<0>, C4<0>;
v0x55d015bb8bb0_8 .net v0x55d015bb8bb0 8, 2 0, L_0x7f5e1f7239f0; 1 drivers
v0x55d015bb8d90_0 .net "out", 2 0, L_0x55d015bbc220;  alias, 1 drivers
S_0x55d015b8c190 .scope generate, "genblk1[0]" "genblk1[0]" 4 14, 4 14 0, S_0x55d015b8cec0;
 .timescale -11 -12;
P_0x55d015b7b5a0 .param/l "i" 0 4 14, +C4<00>;
L_0x7f5e1f723018 .functor BUFT 1, C4<00000001>, C4<0>, C4<0>, C4<0>;
L_0x55d015b93070 .functor AND 8, v0x55d015bb9300_0, L_0x7f5e1f723018, C4<11111111>, C4<11111111>;
L_0x55d015b93b50 .functor OR 3, L_0x55d015bb9670, L_0x55d015b94ab0, C4<000>, C4<000>;
v0x55d015b93190_0 .net/2u *"_ivl_1", 7 0, L_0x7f5e1f723018;  1 drivers
L_0x7f5e1f7230f0 .functor BUFT 1, C4<000>, C4<0>, C4<0>, C4<0>;
v0x55d015b93c70_0 .net/2u *"_ivl_11", 2 0, L_0x7f5e1f7230f0;  1 drivers
v0x55d015b94420_0 .net *"_ivl_13", 2 0, L_0x55d015bb9670;  1 drivers
v0x55d015b94bd0_0 .net *"_ivl_3", 7 0, L_0x55d015b93070;  1 drivers
L_0x7f5e1f723060 .functor BUFT 1, C4<00000000>, C4<0>, C4<0>, C4<0>;
v0x55d015b8f2d0_0 .net/2u *"_ivl_5", 7 0, L_0x7f5e1f723060;  1 drivers
v0x55d015bb40c0_0 .net *"_ivl_7", 0 0, L_0x55d015bb9500;  1 drivers
L_0x7f5e1f7230a8 .functor BUFT 1, C4<000>, C4<0>, C4<0>, C4<0>;
v0x55d015bb4180_0 .net/2u *"_ivl_9", 2 0, L_0x7f5e1f7230a8;  1 drivers
L_0x55d015bb9500 .cmp/ne 8, L_0x55d015b93070, L_0x7f5e1f723060;
L_0x55d015bb9670 .functor MUXZ 3, L_0x7f5e1f7230f0, L_0x7f5e1f7230a8, L_0x55d015bb9500, C4<>;
S_0x55d015bb4260 .scope generate, "genblk1[1]" "genblk1[1]" 4 14, 4 14 0, S_0x55d015b8cec0;
 .timescale -11 -12;
P_0x55d015bb4480 .param/l "i" 0 4 14, +C4<01>;
L_0x7f5e1f723138 .functor BUFT 1, C4<00000010>, C4<0>, C4<0>, C4<0>;
L_0x55d015b94300 .functor AND 8, v0x55d015bb9300_0, L_0x7f5e1f723138, C4<11111111>, C4<11111111>;
L_0x55d015b94ab0 .functor OR 3, L_0x55d015bb9a60, L_0x55d015bb9fd0, C4<000>, C4<000>;
v0x55d015bb4540_0 .net/2u *"_ivl_1", 7 0, L_0x7f5e1f723138;  1 drivers
L_0x7f5e1f723210 .functor BUFT 1, C4<000>, C4<0>, C4<0>, C4<0>;
v0x55d015bb4620_0 .net/2u *"_ivl_11", 2 0, L_0x7f5e1f723210;  1 drivers
v0x55d015bb4700_0 .net *"_ivl_13", 2 0, L_0x55d015bb9a60;  1 drivers
v0x55d015bb47c0_0 .net *"_ivl_3", 7 0, L_0x55d015b94300;  1 drivers
L_0x7f5e1f723180 .functor BUFT 1, C4<00000000>, C4<0>, C4<0>, C4<0>;
v0x55d015bb48a0_0 .net/2u *"_ivl_5", 7 0, L_0x7f5e1f723180;  1 drivers
v0x55d015bb49d0_0 .net *"_ivl_7", 0 0, L_0x55d015bb9920;  1 drivers
L_0x7f5e1f7231c8 .functor BUFT 1, C4<001>, C4<0>, C4<0>, C4<0>;
v0x55d015bb4a90_0 .net/2u *"_ivl_9", 2 0, L_0x7f5e1f7231c8;  1 drivers
L_0x55d015bb9920 .cmp/ne 8, L_0x55d015b94300, L_0x7f5e1f723180;
L_0x55d015bb9a60 .functor MUXZ 3, L_0x7f5e1f723210, L_0x7f5e1f7231c8, L_0x55d015bb9920, C4<>;
S_0x55d015bb4b70 .scope generate, "genblk1[2]" "genblk1[2]" 4 14, 4 14 0, S_0x55d015b8cec0;
 .timescale -11 -12;
P_0x55d015bb4d70 .param/l "i" 0 4 14, +C4<010>;
L_0x7f5e1f723258 .functor BUFT 1, C4<00000100>, C4<0>, C4<0>, C4<0>;
L_0x55d015b8f240 .functor AND 8, v0x55d015bb9300_0, L_0x7f5e1f723258, C4<11111111>, C4<11111111>;
L_0x55d015bb9fd0 .functor OR 3, L_0x55d015bb9e40, L_0x55d015bba470, C4<000>, C4<000>;
v0x55d015bb4e30_0 .net/2u *"_ivl_1", 7 0, L_0x7f5e1f723258;  1 drivers
L_0x7f5e1f723330 .functor BUFT 1, C4<000>, C4<0>, C4<0>, C4<0>;
v0x55d015bb4f10_0 .net/2u *"_ivl_11", 2 0, L_0x7f5e1f723330;  1 drivers
v0x55d015bb4ff0_0 .net *"_ivl_13", 2 0, L_0x55d015bb9e40;  1 drivers
v0x55d015bb50b0_0 .net *"_ivl_3", 7 0, L_0x55d015b8f240;  1 drivers
L_0x7f5e1f7232a0 .functor BUFT 1, C4<00000000>, C4<0>, C4<0>, C4<0>;
v0x55d015bb5190_0 .net/2u *"_ivl_5", 7 0, L_0x7f5e1f7232a0;  1 drivers
v0x55d015bb52c0_0 .net *"_ivl_7", 0 0, L_0x55d015bb9d50;  1 drivers
L_0x7f5e1f7232e8 .functor BUFT 1, C4<010>, C4<0>, C4<0>, C4<0>;
v0x55d015bb5380_0 .net/2u *"_ivl_9", 2 0, L_0x7f5e1f7232e8;  1 drivers
L_0x55d015bb9d50 .cmp/ne 8, L_0x55d015b8f240, L_0x7f5e1f7232a0;
L_0x55d015bb9e40 .functor MUXZ 3, L_0x7f5e1f723330, L_0x7f5e1f7232e8, L_0x55d015bb9d50, C4<>;
S_0x55d015bb5460 .scope generate, "genblk1[3]" "genblk1[3]" 4 14, 4 14 0, S_0x55d015b8cec0;
 .timescale -11 -12;
P_0x55d015bb5660 .param/l "i" 0 4 14, +C4<011>;
L_0x7f5e1f723378 .functor BUFT 1, C4<00001000>, C4<0>, C4<0>, C4<0>;
L_0x55d015bba0e0 .functor AND 8, v0x55d015bb9300_0, L_0x7f5e1f723378, C4<11111111>, C4<11111111>;
L_0x55d015bba470 .functor OR 3, L_0x55d015bba2e0, L_0x55d015bbab10, C4<000>, C4<000>;
v0x55d015bb5740_0 .net/2u *"_ivl_1", 7 0, L_0x7f5e1f723378;  1 drivers
L_0x7f5e1f723450 .functor BUFT 1, C4<000>, C4<0>, C4<0>, C4<0>;
v0x55d015bb5820_0 .net/2u *"_ivl_11", 2 0, L_0x7f5e1f723450;  1 drivers
v0x55d015bb5900_0 .net *"_ivl_13", 2 0, L_0x55d015bba2e0;  1 drivers
v0x55d015bb59c0_0 .net *"_ivl_3", 7 0, L_0x55d015bba0e0;  1 drivers
L_0x7f5e1f7233c0 .functor BUFT 1, C4<00000000>, C4<0>, C4<0>, C4<0>;
v0x55d015bb5aa0_0 .net/2u *"_ivl_5", 7 0, L_0x7f5e1f7233c0;  1 drivers
v0x55d015bb5bd0_0 .net *"_ivl_7", 0 0, L_0x55d015bba1a0;  1 drivers
L_0x7f5e1f723408 .functor BUFT 1, C4<011>, C4<0>, C4<0>, C4<0>;
v0x55d015bb5c90_0 .net/2u *"_ivl_9", 2 0, L_0x7f5e1f723408;  1 drivers
L_0x55d015bba1a0 .cmp/ne 8, L_0x55d015bba0e0, L_0x7f5e1f7233c0;
L_0x55d015bba2e0 .functor MUXZ 3, L_0x7f5e1f723450, L_0x7f5e1f723408, L_0x55d015bba1a0, C4<>;
S_0x55d015bb5d70 .scope generate, "genblk1[4]" "genblk1[4]" 4 14, 4 14 0, S_0x55d015b8cec0;
 .timescale -11 -12;
P_0x55d015bb5fc0 .param/l "i" 0 4 14, +C4<0100>;
L_0x7f5e1f723498 .functor BUFT 1, C4<00010000>, C4<0>, C4<0>, C4<0>;
L_0x55d015bba580 .functor AND 8, v0x55d015bb9300_0, L_0x7f5e1f723498, C4<11111111>, C4<11111111>;
L_0x55d015bbaa00 .functor OR 4, L_0x55d015bba780, L_0x55d015bba910, C4<0000>, C4<0000>;
v0x55d015bb60a0_0 .net/2u *"_ivl_1", 7 0, L_0x7f5e1f723498;  1 drivers
L_0x7f5e1f723570 .functor BUFT 1, C4<0000>, C4<0>, C4<0>, C4<0>;
v0x55d015bb6180_0 .net/2u *"_ivl_11", 3 0, L_0x7f5e1f723570;  1 drivers
v0x55d015bb6260_0 .net *"_ivl_13", 3 0, L_0x55d015bba780;  1 drivers
v0x55d015bb6320_0 .net *"_ivl_16", 3 0, L_0x55d015bba910;  1 drivers
L_0x7f5e1f7235b8 .functor BUFT 1, C4<0>, C4<0>, C4<0>, C4<0>;
v0x55d015bb6400_0 .net *"_ivl_19", 0 0, L_0x7f5e1f7235b8;  1 drivers
v0x55d015bb6530_0 .net *"_ivl_20", 3 0, L_0x55d015bbaa00;  1 drivers
v0x55d015bb6610_0 .net *"_ivl_3", 7 0, L_0x55d015bba580;  1 drivers
L_0x7f5e1f7234e0 .functor BUFT 1, C4<00000000>, C4<0>, C4<0>, C4<0>;
v0x55d015bb66f0_0 .net/2u *"_ivl_5", 7 0, L_0x7f5e1f7234e0;  1 drivers
v0x55d015bb67d0_0 .net *"_ivl_7", 0 0, L_0x55d015bba640;  1 drivers
L_0x7f5e1f723528 .functor BUFT 1, C4<0100>, C4<0>, C4<0>, C4<0>;
v0x55d015bb6890_0 .net/2u *"_ivl_9", 3 0, L_0x7f5e1f723528;  1 drivers
L_0x55d015bba640 .cmp/ne 8, L_0x55d015bba580, L_0x7f5e1f7234e0;
L_0x55d015bba780 .functor MUXZ 4, L_0x7f5e1f723570, L_0x7f5e1f723528, L_0x55d015bba640, C4<>;
L_0x55d015bba910 .concat [ 3 1 0 0], L_0x55d015bbb210, L_0x7f5e1f7235b8;
L_0x55d015bbab10 .part L_0x55d015bbaa00, 0, 3;
S_0x55d015bb6970 .scope generate, "genblk1[5]" "genblk1[5]" 4 14, 4 14 0, S_0x55d015b8cec0;
 .timescale -11 -12;
P_0x55d015bb6b20 .param/l "i" 0 4 14, +C4<0101>;
L_0x7f5e1f723600 .functor BUFT 1, C4<00100000>, C4<0>, C4<0>, C4<0>;
L_0x55d015bbac80 .functor AND 8, v0x55d015bb9300_0, L_0x7f5e1f723600, C4<11111111>, C4<11111111>;
L_0x55d015bbb100 .functor OR 4, L_0x55d015bbae80, L_0x55d015bbb010, C4<0000>, C4<0000>;
v0x55d015bb6c00_0 .net/2u *"_ivl_1", 7 0, L_0x7f5e1f723600;  1 drivers
L_0x7f5e1f7236d8 .functor BUFT 1, C4<0000>, C4<0>, C4<0>, C4<0>;
v0x55d015bb6ce0_0 .net/2u *"_ivl_11", 3 0, L_0x7f5e1f7236d8;  1 drivers
v0x55d015bb6dc0_0 .net *"_ivl_13", 3 0, L_0x55d015bbae80;  1 drivers
v0x55d015bb6e80_0 .net *"_ivl_16", 3 0, L_0x55d015bbb010;  1 drivers
L_0x7f5e1f723720 .functor BUFT 1, C4<0>, C4<0>, C4<0>, C4<0>;
v0x55d015bb6f60_0 .net *"_ivl_19", 0 0, L_0x7f5e1f723720;  1 drivers
v0x55d015bb7090_0 .net *"_ivl_20", 3 0, L_0x55d015bbb100;  1 drivers
v0x55d015bb7170_0 .net *"_ivl_3", 7 0, L_0x55d015bbac80;  1 drivers
L_0x7f5e1f723648 .functor BUFT 1, C4<00000000>, C4<0>, C4<0>, C4<0>;
v0x55d015bb7250_0 .net/2u *"_ivl_5", 7 0, L_0x7f5e1f723648;  1 drivers
v0x55d015bb7330_0 .net *"_ivl_7", 0 0, L_0x55d015bbad40;  1 drivers
L_0x7f5e1f723690 .functor BUFT 1, C4<0101>, C4<0>, C4<0>, C4<0>;
v0x55d015bb73f0_0 .net/2u *"_ivl_9", 3 0, L_0x7f5e1f723690;  1 drivers
L_0x55d015bbad40 .cmp/ne 8, L_0x55d015bbac80, L_0x7f5e1f723648;
L_0x55d015bbae80 .functor MUXZ 4, L_0x7f5e1f7236d8, L_0x7f5e1f723690, L_0x55d015bbad40, C4<>;
L_0x55d015bbb010 .concat [ 3 1 0 0], L_0x55d015bbb910, L_0x7f5e1f723720;
L_0x55d015bbb210 .part L_0x55d015bbb100, 0, 3;
S_0x55d015bb74d0 .scope generate, "genblk1[6]" "genblk1[6]" 4 14, 4 14 0, S_0x55d015b8cec0;
 .timescale -11 -12;
P_0x55d015bb7680 .param/l "i" 0 4 14, +C4<0110>;
L_0x7f5e1f723768 .functor BUFT 1, C4<01000000>, C4<0>, C4<0>, C4<0>;
L_0x55d015bbb380 .functor AND 8, v0x55d015bb9300_0, L_0x7f5e1f723768, C4<11111111>, C4<11111111>;
L_0x55d015bbb800 .functor OR 4, L_0x55d015bbb580, L_0x55d015bbb710, C4<0000>, C4<0000>;
v0x55d015bb7760_0 .net/2u *"_ivl_1", 7 0, L_0x7f5e1f723768;  1 drivers
L_0x7f5e1f723840 .functor BUFT 1, C4<0000>, C4<0>, C4<0>, C4<0>;
v0x55d015bb7840_0 .net/2u *"_ivl_11", 3 0, L_0x7f5e1f723840;  1 drivers
v0x55d015bb7920_0 .net *"_ivl_13", 3 0, L_0x55d015bbb580;  1 drivers
v0x55d015bb79e0_0 .net *"_ivl_16", 3 0, L_0x55d015bbb710;  1 drivers
L_0x7f5e1f723888 .functor BUFT 1, C4<0>, C4<0>, C4<0>, C4<0>;
v0x55d015bb7ac0_0 .net *"_ivl_19", 0 0, L_0x7f5e1f723888;  1 drivers
v0x55d015bb7bf0_0 .net *"_ivl_20", 3 0, L_0x55d015bbb800;  1 drivers
v0x55d015bb7cd0_0 .net *"_ivl_3", 7 0, L_0x55d015bbb380;  1 drivers
L_0x7f5e1f7237b0 .functor BUFT 1, C4<00000000>, C4<0>, C4<0>, C4<0>;
v0x55d015bb7db0_0 .net/2u *"_ivl_5", 7 0, L_0x7f5e1f7237b0;  1 drivers
v0x55d015bb7e90_0 .net *"_ivl_7", 0 0, L_0x55d015bbb440;  1 drivers
L_0x7f5e1f7237f8 .functor BUFT 1, C4<0110>, C4<0>, C4<0>, C4<0>;
v0x55d015bb7f50_0 .net/2u *"_ivl_9", 3 0, L_0x7f5e1f7237f8;  1 drivers
L_0x55d015bbb440 .cmp/ne 8, L_0x55d015bbb380, L_0x7f5e1f7237b0;
L_0x55d015bbb580 .functor MUXZ 4, L_0x7f5e1f723840, L_0x7f5e1f7237f8, L_0x55d015bbb440, C4<>;
L_0x55d015bbb710 .concat [ 3 1 0 0], L_0x55d015bbc0e0, L_0x7f5e1f723888;
L_0x55d015bbb910 .part L_0x55d015bbb800, 0, 3;
S_0x55d015bb8030 .scope generate, "genblk1[7]" "genblk1[7]" 4 14, 4 14 0, S_0x55d015b8cec0;
 .timescale -11 -12;
P_0x55d015bb81e0 .param/l "i" 0 4 14, +C4<0111>;
L_0x7f5e1f7238d0 .functor BUFT 1, C4<10000000>, C4<0>, C4<0>, C4<0>;
L_0x55d015bbba80 .functor AND 8, v0x55d015bb9300_0, L_0x7f5e1f7238d0, C4<11111111>, C4<11111111>;
L_0x7f5e1f723a80 .functor BUFT 1, C4<0000>, C4<0>, C4<0>, C4<0>;
L_0x55d015bbc020 .functor OR 4, L_0x55d015bbbe90, L_0x7f5e1f723a80, C4<0000>, C4<0000>;
v0x55d015bb82c0_0 .net/2u *"_ivl_1", 7 0, L_0x7f5e1f7238d0;  1 drivers
L_0x7f5e1f7239a8 .functor BUFT 1, C4<0000>, C4<0>, C4<0>, C4<0>;
v0x55d015bb83a0_0 .net/2u *"_ivl_11", 3 0, L_0x7f5e1f7239a8;  1 drivers
v0x55d015bb8480_0 .net *"_ivl_13", 3 0, L_0x55d015bbbe90;  1 drivers
v0x55d015bb8540_0 .net *"_ivl_16", 3 0, L_0x7f5e1f723a80;  1 drivers
v0x55d015bb8620_0 .net *"_ivl_20", 3 0, L_0x55d015bbc020;  1 drivers
v0x55d015bb8750_0 .net *"_ivl_3", 7 0, L_0x55d015bbba80;  1 drivers
L_0x7f5e1f723918 .functor BUFT 1, C4<00000000>, C4<0>, C4<0>, C4<0>;
v0x55d015bb8830_0 .net/2u *"_ivl_5", 7 0, L_0x7f5e1f723918;  1 drivers
v0x55d015bb8910_0 .net *"_ivl_7", 0 0, L_0x55d015bbbd50;  1 drivers
L_0x7f5e1f723960 .functor BUFT 1, C4<0111>, C4<0>, C4<0>, C4<0>;
v0x55d015bb89d0_0 .net/2u *"_ivl_9", 3 0, L_0x7f5e1f723960;  1 drivers
L_0x55d015bbbd50 .cmp/ne 8, L_0x55d015bbba80, L_0x7f5e1f723918;
L_0x55d015bbbe90 .functor MUXZ 4, L_0x7f5e1f7239a8, L_0x7f5e1f723960, L_0x55d015bbbd50, C4<>;
L_0x55d015bbc0e0 .part L_0x55d015bbc020, 0, 3;
    .scope S_0x55d015b8edc0;
T_0 ;
    %delay 50, 0;
    %load/vec4 v0x55d015bb91f0_0;
    %inv;
    %store/vec4 v0x55d015bb91f0_0, 0, 1;
    %jmp T_0;
    .thread T_0;
    .scope S_0x55d015b8edc0;
T_1 ;
    %vpi_call/w 3 19 "$dumpfile", "out.vcd" {0 0 0};
    %vpi_call/w 3 20 "$dumpvars", 32'sb00000000000000000000000000000000, S_0x55d015b8edc0 {0 0 0};
    %pushi/vec4 0, 0, 1;
    %store/vec4 v0x55d015bb91f0_0, 0, 1;
    %pushi/vec4 4, 0, 8;
    %store/vec4 v0x55d015bb9300_0, 0, 8;
    %wait E_0x55d015b8a6d0;
    %vpi_call/w 3 26 "$display", "%d| n  = %b, out = %d", v0x55d015bb9130_0, v0x55d015bb9300_0, v0x55d015bb93c0_0 {0 0 0};
    %pushi/vec4 16, 0, 8;
    %store/vec4 v0x55d015bb9300_0, 0, 8;
    %wait E_0x55d015b8a6d0;
    %vpi_call/w 3 30 "$display", "%d| n  = %b, out = %d", v0x55d015bb9130_0, v0x55d015bb9300_0, v0x55d015bb93c0_0 {0 0 0};
    %pushi/vec4 64, 0, 8;
    %store/vec4 v0x55d015bb9300_0, 0, 8;
    %wait E_0x55d015b8a6d0;
    %vpi_call/w 3 34 "$display", "%d| n  = %b, out = %d", v0x55d015bb9130_0, v0x55d015bb9300_0, v0x55d015bb93c0_0 {0 0 0};
    %pushi/vec4 8, 0, 8;
    %store/vec4 v0x55d015bb9300_0, 0, 8;
    %wait E_0x55d015b8a6d0;
    %vpi_call/w 3 38 "$display", "%d| n  = %b, out = %d", v0x55d015bb9130_0, v0x55d015bb9300_0, v0x55d015bb93c0_0 {0 0 0};
    %pushi/vec4 2, 0, 8;
    %store/vec4 v0x55d015bb9300_0, 0, 8;
    %wait E_0x55d015b8a6d0;
    %vpi_call/w 3 42 "$display", "%d| n  = %b, out = %d", v0x55d015bb9130_0, v0x55d015bb9300_0, v0x55d015bb93c0_0 {0 0 0};
    %vpi_call/w 3 43 "$finish" {0 0 0};
    %end;
    .thread T_1;
# The file index is used to find the file name in the following table.
:file_names 5;
    "N/A";
    "<interactive>";
    "-";
    "testbench.sv";
    "log.v";
