#! /usr/bin/vvp
:ivl_version "11.0 (stable)";
:ivl_delay_selection "TYPICAL";
:vpi_time_precision - 12;
:vpi_module "/usr/lib/x86_64-linux-gnu/ivl/system.vpi";
:vpi_module "/usr/lib/x86_64-linux-gnu/ivl/vhdl_sys.vpi";
:vpi_module "/usr/lib/x86_64-linux-gnu/ivl/vhdl_textio.vpi";
:vpi_module "/usr/lib/x86_64-linux-gnu/ivl/v2005_math.vpi";
:vpi_module "/usr/lib/x86_64-linux-gnu/ivl/va_math.vpi";
:vpi_module "/usr/lib/x86_64-linux-gnu/ivl/v2009.vpi";
S_0x55dc98d3bcf0 .scope package, "$unit" "$unit" 2 1;
 .timescale 0 0;
S_0x55dc98d77cd0 .scope module, "testbench" "testbench" 3 4;
 .timescale -11 -12;
v0x55dc98d68010_0 .var "clk", 0 0;
v0x55dc98d68240_0 .net "clk_div2", 0 0, v0x55dc98d67980_0;  1 drivers
v0x55dc98d63140_0 .var "reset", 0 0;
S_0x55dc98d77e60 .scope module, "clk_div" "clk_div" 3 11, 4 1 0, S_0x55dc98d77cd0;
 .timescale 0 0;
    .port_info 0 /INPUT 1 "clk";
    .port_info 1 /INPUT 1 "reset";
    .port_info 2 /OUTPUT 1 "clk_div";
P_0x55dc98d3d620 .param/l "COUNTER_SIZE" 0 4 5, +C4<00000000000000000000000000000011>;
P_0x55dc98d3d660 .param/l "DUTY_TIME" 0 4 4, +C4<00000000000000000000000000000001>;
P_0x55dc98d3d6a0 .param/l "PERIOD" 0 4 3, +C4<00000000000000000000000000000101>;
v0x55dc98d67750_0 .net "clk", 0 0, v0x55dc98d68010_0;  1 drivers
v0x55dc98d67980_0 .var "clk_div", 0 0;
v0x55dc98d67bb0_0 .var "counter", 2 0;
v0x55dc98d67de0_0 .net "reset", 0 0, v0x55dc98d63140_0;  1 drivers
E_0x55dc98d75740 .event posedge, v0x55dc98d67750_0;
    .scope S_0x55dc98d77e60;
T_0 ;
    %wait E_0x55dc98d75740;
    %load/vec4 v0x55dc98d67de0_0;
    %flag_set/vec4 8;
    %jmp/0xz  T_0.0, 8;
    %pushi/vec4 0, 0, 3;
    %assign/vec4 v0x55dc98d67bb0_0, 0;
    %jmp T_0.1;
T_0.0 ;
    %load/vec4 v0x55dc98d67bb0_0;
    %dup/vec4;
    %pushi/vec4 4, 0, 3;
    %cmp/u;
    %jmp/1 T_0.2, 6;
    %load/vec4 v0x55dc98d67bb0_0;
    %addi 1, 0, 3;
    %assign/vec4 v0x55dc98d67bb0_0, 0;
    %jmp T_0.4;
T_0.2 ;
    %pushi/vec4 0, 0, 3;
    %assign/vec4 v0x55dc98d67bb0_0, 0;
    %jmp T_0.4;
T_0.4 ;
    %pop/vec4 1;
T_0.1 ;
    %jmp T_0;
    .thread T_0;
    .scope S_0x55dc98d77e60;
T_1 ;
    %wait E_0x55dc98d75740;
    %load/vec4 v0x55dc98d67de0_0;
    %flag_set/vec4 8;
    %jmp/0xz  T_1.0, 8;
    %pushi/vec4 0, 0, 1;
    %assign/vec4 v0x55dc98d67980_0, 0;
    %jmp T_1.1;
T_1.0 ;
    %load/vec4 v0x55dc98d67bb0_0;
    %dup/vec4;
    %pushi/vec4 4, 0, 3;
    %cmp/u;
    %jmp/1 T_1.2, 6;
    %dup/vec4;
    %pushi/vec4 0, 0, 3;
    %cmp/u;
    %jmp/1 T_1.3, 6;
    %jmp T_1.4;
T_1.2 ;
    %pushi/vec4 1, 0, 1;
    %assign/vec4 v0x55dc98d67980_0, 0;
    %jmp T_1.4;
T_1.3 ;
    %pushi/vec4 0, 0, 1;
    %assign/vec4 v0x55dc98d67980_0, 0;
    %jmp T_1.4;
T_1.4 ;
    %pop/vec4 1;
T_1.1 ;
    %jmp T_1;
    .thread T_1;
    .scope S_0x55dc98d77cd0;
T_2 ;
    %delay 50, 0;
    %load/vec4 v0x55dc98d68010_0;
    %inv;
    %store/vec4 v0x55dc98d68010_0, 0, 1;
    %jmp T_2;
    .thread T_2;
    .scope S_0x55dc98d77cd0;
T_3 ;
    %vpi_call/w 3 19 "$dumpfile", "out.vcd" {0 0 0};
    %vpi_call/w 3 20 "$dumpvars", 32'sb00000000000000000000000000000000, S_0x55dc98d77cd0 {0 0 0};
    %pushi/vec4 0, 0, 1;
    %store/vec4 v0x55dc98d68010_0, 0, 1;
    %pushi/vec4 0, 0, 1;
    %store/vec4 v0x55dc98d63140_0, 0, 1;
    %wait E_0x55dc98d75740;
    %pushi/vec4 1, 0, 1;
    %store/vec4 v0x55dc98d63140_0, 0, 1;
    %wait E_0x55dc98d75740;
    %wait E_0x55dc98d75740;
    %wait E_0x55dc98d75740;
    %pushi/vec4 0, 0, 1;
    %store/vec4 v0x55dc98d63140_0, 0, 1;
    %wait E_0x55dc98d75740;
    %wait E_0x55dc98d75740;
    %wait E_0x55dc98d75740;
    %wait E_0x55dc98d75740;
    %wait E_0x55dc98d75740;
    %wait E_0x55dc98d75740;
    %wait E_0x55dc98d75740;
    %wait E_0x55dc98d75740;
    %wait E_0x55dc98d75740;
    %wait E_0x55dc98d75740;
    %wait E_0x55dc98d75740;
    %wait E_0x55dc98d75740;
    %wait E_0x55dc98d75740;
    %wait E_0x55dc98d75740;
    %wait E_0x55dc98d75740;
    %wait E_0x55dc98d75740;
    %wait E_0x55dc98d75740;
    %wait E_0x55dc98d75740;
    %wait E_0x55dc98d75740;
    %wait E_0x55dc98d75740;
    %wait E_0x55dc98d75740;
    %wait E_0x55dc98d75740;
    %wait E_0x55dc98d75740;
    %wait E_0x55dc98d75740;
    %vpi_call/w 3 60 "$finish" {0 0 0};
    %end;
    .thread T_3;
# The file index is used to find the file name in the following table.
:file_names 5;
    "N/A";
    "<interactive>";
    "-";
    "test.sv";
    "2.sv";
